<?xml version="1.0" encoding="UTF-8" ?>
<testsuite tests="2" failures="1" name="Cucumber_Selenium.Cucumber_Selenium.testrunner" time="140.425" errors="0" skipped="0">
  <properties>
[...]
</properties>
  <testcase classname="Energy Type" name="Selecting an energy type navigates user to the supplier info page" time="72.324"/>
  <testcase classname="Energy Type" name="Selecting an energy type navigates user to the supplier info page" time="68.101">
    <failure message="The page heading does not match - expected page heading Whos your current supplier? actual page heading was Who&apos;s your current supplier?" type="java.lang.AssertionError">java.lang.AssertionError: The page heading does not match - expected page heading Whos your current supplier? actual page heading was Who&apos;s your current supplier?
	at org.junit.Assert.fail(Assert.java:89)
	at seleniumgluecode.LoginStep.user_validates_the_page_heading(LoginStep.java:1238)
	at ✽.user validates the page heading &quot;Whos your current supplier?&quot;(src/test/java/features/EnergyType.feature:14)
</failure>
    <system-out>Selects the button name cookie ok
Actual page heading h1 is Welcome! and expected page heading is Welcome!
Entering postcode BN126HU
Selects the button name let&apos;s go
.selecting top nav icon energy
.Actual page heading h1 is What type of energy does your home use? and expected page heading is What type of energy does your home use?
.User has selected energy type electric
.Selects the button name continue
.FFinished Scenariotrue
</system-out>
    <system-err>1579700131829	mozrunner::runner	INFO	Running command: &quot;C:\\Program Files\\Mozilla Firefox\\firefox.exe&quot; &quot;-marionette&quot; &quot;-foreground&quot; &quot;-no-remote&quot; &quot;-profile&quot; &quot;C:\\Users\\ladyg\\AppData\\Local\\Temp\\rust_mozprofile.RkB7h258gzm6&quot;
1579700132481	addons.webextension.doh-rollout@mozilla.org	WARN	Loading extension &apos;doh-rollout@mozilla.org&apos;: Reading manifest: Invalid extension permission: networkStatus
1579700132577	addons.webextension.screenshots@mozilla.org	WARN	Loading extension &apos;screenshots@mozilla.org&apos;: Reading manifest: Invalid extension permission: mozillaAddons
1579700132577	addons.webextension.screenshots@mozilla.org	WARN	Loading extension &apos;screenshots@mozilla.org&apos;: Reading manifest: Invalid extension permission: telemetry
1579700132577	addons.webextension.screenshots@mozilla.org	WARN	Loading extension &apos;screenshots@mozilla.org&apos;: Reading manifest: Invalid extension permission: resource://pdf.js/
1579700132577	addons.webextension.screenshots@mozilla.org	WARN	Loading extension &apos;screenshots@mozilla.org&apos;: Reading manifest: Invalid extension permission: about:reader*
JavaScript error: resource://gre/modules/XULStore.jsm, line 66: Error: Can&apos;t find profile directory.
1579700135000	Marionette	INFO	Listening on port 65289
1579700135025	Marionette	WARN	TLS certificate errors will be ignored for this session
Jan 22, 2020 1:35:35 PM org.openqa.selenium.remote.ProtocolHandshake createSession
INFO: Detected dialect: W3C
1579700196620	Marionette	INFO	Stopped listening on port 65289

###!!! [Child][RunMessage] Error: Channel closing: too late to send/recv, messages will be lost


###!!! [Child][MessageChannel::SendAndWait] Error: Channel error: cannot send/recv

</system-err>
  </testcase>
</testsuite>